DEBUG main org.mybatis.generator.internal.db.DatabaseIntrospector - Retrieving column information for table "admin"
DEBUG main org.mybatis.generator.internal.db.DatabaseIntrospector - Found column "id", data type 4, in table "codeapp..admin"
DEBUG main org.mybatis.generator.internal.db.DatabaseIntrospector - Found column "name", data type 12, in table "codeapp..admin"
DEBUG main org.mybatis.generator.internal.db.DatabaseIntrospector - Found column "password", data type 12, in table "codeapp..admin"
DEBUG main org.mybatis.generator.internal.db.DatabaseIntrospector - Retrieving column information for table "user"
DEBUG main org.mybatis.generator.internal.db.DatabaseIntrospector - Found column "id", data type 4, in table "codeapp..user"
DEBUG main org.mybatis.generator.internal.db.DatabaseIntrospector - Found column "name", data type 12, in table "codeapp..user"
DEBUG main org.mybatis.generator.internal.db.DatabaseIntrospector - Found column "password", data type 12, in table "codeapp..user"
DEBUG main org.mybatis.generator.internal.db.DatabaseIntrospector - Retrieving column information for table "duser"
DEBUG main org.mybatis.generator.internal.db.DatabaseIntrospector - Found column "id", data type 4, in table "codeapp..duser"
DEBUG main org.mybatis.generator.internal.db.DatabaseIntrospector - Found column "name", data type 12, in table "codeapp..duser"
DEBUG main org.mybatis.generator.internal.db.DatabaseIntrospector - Found column "password", data type 12, in table "codeapp..duser"
DEBUG main org.mybatis.generator.internal.db.DatabaseIntrospector - Retrieving column information for table "codetype"
DEBUG main org.mybatis.generator.internal.db.DatabaseIntrospector - Found column "id", data type 4, in table "codeapp..codetype"
DEBUG main org.mybatis.generator.internal.db.DatabaseIntrospector - Found column "name", data type 12, in table "codeapp..codetype"
DEBUG main org.mybatis.generator.internal.db.DatabaseIntrospector - Retrieving column information for table "code"
DEBUG main org.mybatis.generator.internal.db.DatabaseIntrospector - Found column "id", data type 4, in table "codeapp..code"
DEBUG main org.mybatis.generator.internal.db.DatabaseIntrospector - Found column "codeduserid", data type 4, in table "codeapp..code"
DEBUG main org.mybatis.generator.internal.db.DatabaseIntrospector - Found column "codename", data type 12, in table "codeapp..code"
DEBUG main org.mybatis.generator.internal.db.DatabaseIntrospector - Found column "codetext", data type 12, in table "codeapp..code"
DEBUG main org.mybatis.generator.internal.db.DatabaseIntrospector - Found column "codeversion", data type 12, in table "codeapp..code"
DEBUG main org.mybatis.generator.internal.db.DatabaseIntrospector - Found column "codetypeid", data type 4, in table "codeapp..code"
DEBUG main org.mybatis.generator.internal.db.DatabaseIntrospector - Retrieving column information for table "admin"
DEBUG main org.mybatis.generator.internal.db.DatabaseIntrospector - Found column "id", data type 4, in table "codeapp..admin"
DEBUG main org.mybatis.generator.internal.db.DatabaseIntrospector - Found column "name", data type 12, in table "codeapp..admin"
DEBUG main org.mybatis.generator.internal.db.DatabaseIntrospector - Found column "password", data type 12, in table "codeapp..admin"
DEBUG main org.mybatis.generator.internal.db.DatabaseIntrospector - Retrieving column information for table "user"
DEBUG main org.mybatis.generator.internal.db.DatabaseIntrospector - Found column "id", data type 4, in table "codeapp..user"
DEBUG main org.mybatis.generator.internal.db.DatabaseIntrospector - Found column "name", data type 12, in table "codeapp..user"
DEBUG main org.mybatis.generator.internal.db.DatabaseIntrospector - Found column "password", data type 12, in table "codeapp..user"
DEBUG main org.mybatis.generator.internal.db.DatabaseIntrospector - Retrieving column information for table "duser"
DEBUG main org.mybatis.generator.internal.db.DatabaseIntrospector - Found column "id", data type 4, in table "codeapp..duser"
DEBUG main org.mybatis.generator.internal.db.DatabaseIntrospector - Found column "name", data type 12, in table "codeapp..duser"
DEBUG main org.mybatis.generator.internal.db.DatabaseIntrospector - Found column "password", data type 12, in table "codeapp..duser"
DEBUG main org.mybatis.generator.internal.db.DatabaseIntrospector - Retrieving column information for table "codetype"
DEBUG main org.mybatis.generator.internal.db.DatabaseIntrospector - Found column "id", data type 4, in table "codeapp..codetype"
DEBUG main org.mybatis.generator.internal.db.DatabaseIntrospector - Found column "name", data type 12, in table "codeapp..codetype"
DEBUG main org.mybatis.generator.internal.db.DatabaseIntrospector - Retrieving column information for table "code"
DEBUG main org.mybatis.generator.internal.db.DatabaseIntrospector - Found column "id", data type 4, in table "codeapp..code"
DEBUG main org.mybatis.generator.internal.db.DatabaseIntrospector - Found column "codeduserid", data type 4, in table "codeapp..code"
DEBUG main org.mybatis.generator.internal.db.DatabaseIntrospector - Found column "codename", data type 12, in table "codeapp..code"
DEBUG main org.mybatis.generator.internal.db.DatabaseIntrospector - Found column "codetext", data type 12, in table "codeapp..code"
DEBUG main org.mybatis.generator.internal.db.DatabaseIntrospector - Found column "codeversion", data type 12, in table "codeapp..code"
DEBUG main org.mybatis.generator.internal.db.DatabaseIntrospector - Found column "codetypeid", data type 4, in table "codeapp..code"
DEBUG main org.mybatis.generator.internal.db.DatabaseIntrospector - Retrieving column information for table "admin"
DEBUG main org.mybatis.generator.internal.db.DatabaseIntrospector - Found column "id", data type 4, in table "codeapp..admin"
DEBUG main org.mybatis.generator.internal.db.DatabaseIntrospector - Found column "name", data type 12, in table "codeapp..admin"
DEBUG main org.mybatis.generator.internal.db.DatabaseIntrospector - Found column "password", data type 12, in table "codeapp..admin"
DEBUG main org.mybatis.generator.internal.db.DatabaseIntrospector - Retrieving column information for table "user"
DEBUG main org.mybatis.generator.internal.db.DatabaseIntrospector - Found column "id", data type 4, in table "codeapp..user"
DEBUG main org.mybatis.generator.internal.db.DatabaseIntrospector - Found column "name", data type 12, in table "codeapp..user"
DEBUG main org.mybatis.generator.internal.db.DatabaseIntrospector - Found column "password", data type 12, in table "codeapp..user"
DEBUG main org.mybatis.generator.internal.db.DatabaseIntrospector - Retrieving column information for table "duser"
DEBUG main org.mybatis.generator.internal.db.DatabaseIntrospector - Found column "id", data type 4, in table "codeapp..duser"
DEBUG main org.mybatis.generator.internal.db.DatabaseIntrospector - Found column "name", data type 12, in table "codeapp..duser"
DEBUG main org.mybatis.generator.internal.db.DatabaseIntrospector - Found column "password", data type 12, in table "codeapp..duser"
DEBUG main org.mybatis.generator.internal.db.DatabaseIntrospector - Retrieving column information for table "codetype"
DEBUG main org.mybatis.generator.internal.db.DatabaseIntrospector - Found column "id", data type 4, in table "codeapp..codetype"
DEBUG main org.mybatis.generator.internal.db.DatabaseIntrospector - Found column "name", data type 12, in table "codeapp..codetype"
DEBUG main org.mybatis.generator.internal.db.DatabaseIntrospector - Retrieving column information for table "code"
DEBUG main org.mybatis.generator.internal.db.DatabaseIntrospector - Found column "id", data type 4, in table "codeapp..code"
DEBUG main org.mybatis.generator.internal.db.DatabaseIntrospector - Found column "codeduserid", data type 4, in table "codeapp..code"
DEBUG main org.mybatis.generator.internal.db.DatabaseIntrospector - Found column "codename", data type 12, in table "codeapp..code"
DEBUG main org.mybatis.generator.internal.db.DatabaseIntrospector - Found column "codetext", data type 12, in table "codeapp..code"
DEBUG main org.mybatis.generator.internal.db.DatabaseIntrospector - Found column "codeversion", data type 12, in table "codeapp..code"
DEBUG main org.mybatis.generator.internal.db.DatabaseIntrospector - Found column "codetypeid", data type 4, in table "codeapp..code"
DEBUG main org.mybatis.generator.internal.db.DatabaseIntrospector - Retrieving column information for table "admin"
DEBUG main org.mybatis.generator.internal.db.DatabaseIntrospector - Found column "id", data type 4, in table "codeapp..admin"
DEBUG main org.mybatis.generator.internal.db.DatabaseIntrospector - Found column "name", data type 12, in table "codeapp..admin"
DEBUG main org.mybatis.generator.internal.db.DatabaseIntrospector - Found column "password", data type 12, in table "codeapp..admin"
DEBUG main org.mybatis.generator.internal.db.DatabaseIntrospector - Retrieving column information for table "user"
DEBUG main org.mybatis.generator.internal.db.DatabaseIntrospector - Found column "id", data type 4, in table "codeapp..user"
DEBUG main org.mybatis.generator.internal.db.DatabaseIntrospector - Found column "name", data type 12, in table "codeapp..user"
DEBUG main org.mybatis.generator.internal.db.DatabaseIntrospector - Found column "password", data type 12, in table "codeapp..user"
DEBUG main org.mybatis.generator.internal.db.DatabaseIntrospector - Retrieving column information for table "duser"
DEBUG main org.mybatis.generator.internal.db.DatabaseIntrospector - Found column "id", data type 4, in table "codeapp..duser"
DEBUG main org.mybatis.generator.internal.db.DatabaseIntrospector - Found column "name", data type 12, in table "codeapp..duser"
DEBUG main org.mybatis.generator.internal.db.DatabaseIntrospector - Found column "password", data type 12, in table "codeapp..duser"
DEBUG main org.mybatis.generator.internal.db.DatabaseIntrospector - Retrieving column information for table "codetype"
DEBUG main org.mybatis.generator.internal.db.DatabaseIntrospector - Found column "id", data type 4, in table "codeapp..codetype"
DEBUG main org.mybatis.generator.internal.db.DatabaseIntrospector - Found column "name", data type 12, in table "codeapp..codetype"
DEBUG main org.mybatis.generator.internal.db.DatabaseIntrospector - Retrieving column information for table "code"
DEBUG main org.mybatis.generator.internal.db.DatabaseIntrospector - Found column "id", data type 4, in table "codeapp..code"
DEBUG main org.mybatis.generator.internal.db.DatabaseIntrospector - Found column "codeduserid", data type 4, in table "codeapp..code"
DEBUG main org.mybatis.generator.internal.db.DatabaseIntrospector - Found column "codename", data type 12, in table "codeapp..code"
DEBUG main org.mybatis.generator.internal.db.DatabaseIntrospector - Found column "codetext", data type 12, in table "codeapp..code"
DEBUG main org.mybatis.generator.internal.db.DatabaseIntrospector - Found column "codeversion", data type 12, in table "codeapp..code"
DEBUG main org.mybatis.generator.internal.db.DatabaseIntrospector - Found column "codetypeid", data type 4, in table "codeapp..code"
DEBUG main org.mybatis.generator.internal.db.DatabaseIntrospector - Retrieving column information for table "admin"
DEBUG main org.mybatis.generator.internal.db.DatabaseIntrospector - Found column "id", data type 4, in table "codeapp..admin"
DEBUG main org.mybatis.generator.internal.db.DatabaseIntrospector - Found column "name", data type 12, in table "codeapp..admin"
DEBUG main org.mybatis.generator.internal.db.DatabaseIntrospector - Found column "password", data type 12, in table "codeapp..admin"
DEBUG main org.mybatis.generator.internal.db.DatabaseIntrospector - Retrieving column information for table "user"
DEBUG main org.mybatis.generator.internal.db.DatabaseIntrospector - Found column "id", data type 4, in table "codeapp..user"
DEBUG main org.mybatis.generator.internal.db.DatabaseIntrospector - Found column "name", data type 12, in table "codeapp..user"
DEBUG main org.mybatis.generator.internal.db.DatabaseIntrospector - Found column "password", data type 12, in table "codeapp..user"
DEBUG main org.mybatis.generator.internal.db.DatabaseIntrospector - Retrieving column information for table "duser"
DEBUG main org.mybatis.generator.internal.db.DatabaseIntrospector - Found column "id", data type 4, in table "codeapp..duser"
DEBUG main org.mybatis.generator.internal.db.DatabaseIntrospector - Found column "name", data type 12, in table "codeapp..duser"
DEBUG main org.mybatis.generator.internal.db.DatabaseIntrospector - Found column "password", data type 12, in table "codeapp..duser"
DEBUG main org.mybatis.generator.internal.db.DatabaseIntrospector - Retrieving column information for table "codetype"
DEBUG main org.mybatis.generator.internal.db.DatabaseIntrospector - Found column "id", data type 4, in table "codeapp..codetype"
DEBUG main org.mybatis.generator.internal.db.DatabaseIntrospector - Found column "name", data type 12, in table "codeapp..codetype"
DEBUG main org.mybatis.generator.internal.db.DatabaseIntrospector - Retrieving column information for table "code"
DEBUG main org.mybatis.generator.internal.db.DatabaseIntrospector - Found column "id", data type 4, in table "codeapp..code"
DEBUG main org.mybatis.generator.internal.db.DatabaseIntrospector - Found column "codeduserid", data type 4, in table "codeapp..code"
DEBUG main org.mybatis.generator.internal.db.DatabaseIntrospector - Found column "codename", data type 12, in table "codeapp..code"
DEBUG main org.mybatis.generator.internal.db.DatabaseIntrospector - Found column "codetext", data type 12, in table "codeapp..code"
DEBUG main org.mybatis.generator.internal.db.DatabaseIntrospector - Found column "codeversion", data type 12, in table "codeapp..code"
DEBUG main org.mybatis.generator.internal.db.DatabaseIntrospector - Found column "codetypeid", data type 4, in table "codeapp..code"
DEBUG main org.mybatis.generator.internal.db.DatabaseIntrospector - Retrieving column information for table "admin"
DEBUG main org.mybatis.generator.internal.db.DatabaseIntrospector - Found column "id", data type 4, in table "codeapp..admin"
DEBUG main org.mybatis.generator.internal.db.DatabaseIntrospector - Found column "name", data type 12, in table "codeapp..admin"
DEBUG main org.mybatis.generator.internal.db.DatabaseIntrospector - Found column "password", data type 12, in table "codeapp..admin"
DEBUG main org.mybatis.generator.internal.db.DatabaseIntrospector - Retrieving column information for table "user"
DEBUG main org.mybatis.generator.internal.db.DatabaseIntrospector - Found column "id", data type 4, in table "codeapp..user"
DEBUG main org.mybatis.generator.internal.db.DatabaseIntrospector - Found column "name", data type 12, in table "codeapp..user"
DEBUG main org.mybatis.generator.internal.db.DatabaseIntrospector - Found column "password", data type 12, in table "codeapp..user"
DEBUG main org.mybatis.generator.internal.db.DatabaseIntrospector - Retrieving column information for table "duser"
DEBUG main org.mybatis.generator.internal.db.DatabaseIntrospector - Found column "id", data type 4, in table "codeapp..duser"
DEBUG main org.mybatis.generator.internal.db.DatabaseIntrospector - Found column "name", data type 12, in table "codeapp..duser"
DEBUG main org.mybatis.generator.internal.db.DatabaseIntrospector - Found column "password", data type 12, in table "codeapp..duser"
DEBUG main org.mybatis.generator.internal.db.DatabaseIntrospector - Retrieving column information for table "codetype"
DEBUG main org.mybatis.generator.internal.db.DatabaseIntrospector - Found column "id", data type 4, in table "codeapp..codetype"
DEBUG main org.mybatis.generator.internal.db.DatabaseIntrospector - Found column "name", data type 12, in table "codeapp..codetype"
DEBUG main org.mybatis.generator.internal.db.DatabaseIntrospector - Retrieving column information for table "code"
DEBUG main org.mybatis.generator.internal.db.DatabaseIntrospector - Found column "id", data type 4, in table "codeapp..code"
DEBUG main org.mybatis.generator.internal.db.DatabaseIntrospector - Found column "codeduserid", data type 4, in table "codeapp..code"
DEBUG main org.mybatis.generator.internal.db.DatabaseIntrospector - Found column "codename", data type 12, in table "codeapp..code"
DEBUG main org.mybatis.generator.internal.db.DatabaseIntrospector - Found column "codetext", data type 12, in table "codeapp..code"
DEBUG main org.mybatis.generator.internal.db.DatabaseIntrospector - Found column "codeversion", data type 12, in table "codeapp..code"
DEBUG main org.mybatis.generator.internal.db.DatabaseIntrospector - Found column "codetypeid", data type 4, in table "codeapp..code"
DEBUG main org.mybatis.generator.internal.db.DatabaseIntrospector - Retrieving column information for table "admin"
DEBUG main org.mybatis.generator.internal.db.DatabaseIntrospector - Found column "id", data type 4, in table "codeapp..admin"
DEBUG main org.mybatis.generator.internal.db.DatabaseIntrospector - Found column "name", data type 12, in table "codeapp..admin"
DEBUG main org.mybatis.generator.internal.db.DatabaseIntrospector - Found column "password", data type 12, in table "codeapp..admin"
DEBUG main org.mybatis.generator.internal.db.DatabaseIntrospector - Retrieving column information for table "user"
DEBUG main org.mybatis.generator.internal.db.DatabaseIntrospector - Found column "id", data type 4, in table "codeapp..user"
DEBUG main org.mybatis.generator.internal.db.DatabaseIntrospector - Found column "name", data type 12, in table "codeapp..user"
DEBUG main org.mybatis.generator.internal.db.DatabaseIntrospector - Found column "password", data type 12, in table "codeapp..user"
DEBUG main org.mybatis.generator.internal.db.DatabaseIntrospector - Retrieving column information for table "duser"
DEBUG main org.mybatis.generator.internal.db.DatabaseIntrospector - Found column "id", data type 4, in table "codeapp..duser"
DEBUG main org.mybatis.generator.internal.db.DatabaseIntrospector - Found column "name", data type 12, in table "codeapp..duser"
DEBUG main org.mybatis.generator.internal.db.DatabaseIntrospector - Found column "password", data type 12, in table "codeapp..duser"
DEBUG main org.mybatis.generator.internal.db.DatabaseIntrospector - Retrieving column information for table "codetype"
DEBUG main org.mybatis.generator.internal.db.DatabaseIntrospector - Found column "id", data type 4, in table "codeapp..codetype"
DEBUG main org.mybatis.generator.internal.db.DatabaseIntrospector - Found column "name", data type 12, in table "codeapp..codetype"
DEBUG main org.mybatis.generator.internal.db.DatabaseIntrospector - Retrieving column information for table "code"
DEBUG main org.mybatis.generator.internal.db.DatabaseIntrospector - Found column "id", data type 4, in table "codeapp..code"
DEBUG main org.mybatis.generator.internal.db.DatabaseIntrospector - Found column "codeduserid", data type 4, in table "codeapp..code"
DEBUG main org.mybatis.generator.internal.db.DatabaseIntrospector - Found column "codename", data type 12, in table "codeapp..code"
DEBUG main org.mybatis.generator.internal.db.DatabaseIntrospector - Found column "codetext", data type 12, in table "codeapp..code"
DEBUG main org.mybatis.generator.internal.db.DatabaseIntrospector - Found column "codeversion", data type 12, in table "codeapp..code"
DEBUG main org.mybatis.generator.internal.db.DatabaseIntrospector - Found column "codetypeid", data type 4, in table "codeapp..code"
DEBUG main org.mybatis.generator.internal.db.DatabaseIntrospector - Retrieving column information for table "admin"
DEBUG main org.mybatis.generator.internal.db.DatabaseIntrospector - Found column "id", data type 4, in table "codeapp..admin"
DEBUG main org.mybatis.generator.internal.db.DatabaseIntrospector - Found column "name", data type 12, in table "codeapp..admin"
DEBUG main org.mybatis.generator.internal.db.DatabaseIntrospector - Found column "password", data type 12, in table "codeapp..admin"
DEBUG main org.mybatis.generator.internal.db.DatabaseIntrospector - Retrieving column information for table "user"
DEBUG main org.mybatis.generator.internal.db.DatabaseIntrospector - Found column "id", data type 4, in table "codeapp..user"
DEBUG main org.mybatis.generator.internal.db.DatabaseIntrospector - Found column "name", data type 12, in table "codeapp..user"
DEBUG main org.mybatis.generator.internal.db.DatabaseIntrospector - Found column "password", data type 12, in table "codeapp..user"
DEBUG main org.mybatis.generator.internal.db.DatabaseIntrospector - Retrieving column information for table "duser"
DEBUG main org.mybatis.generator.internal.db.DatabaseIntrospector - Found column "id", data type 4, in table "codeapp..duser"
DEBUG main org.mybatis.generator.internal.db.DatabaseIntrospector - Found column "name", data type 12, in table "codeapp..duser"
DEBUG main org.mybatis.generator.internal.db.DatabaseIntrospector - Found column "password", data type 12, in table "codeapp..duser"
DEBUG main org.mybatis.generator.internal.db.DatabaseIntrospector - Retrieving column information for table "codetype"
DEBUG main org.mybatis.generator.internal.db.DatabaseIntrospector - Found column "id", data type 4, in table "codeapp..codetype"
DEBUG main org.mybatis.generator.internal.db.DatabaseIntrospector - Found column "name", data type 12, in table "codeapp..codetype"
DEBUG main org.mybatis.generator.internal.db.DatabaseIntrospector - Retrieving column information for table "code"
DEBUG main org.mybatis.generator.internal.db.DatabaseIntrospector - Found column "id", data type 4, in table "codeapp..code"
DEBUG main org.mybatis.generator.internal.db.DatabaseIntrospector - Found column "codeduserid", data type 4, in table "codeapp..code"
DEBUG main org.mybatis.generator.internal.db.DatabaseIntrospector - Found column "codename", data type 12, in table "codeapp..code"
DEBUG main org.mybatis.generator.internal.db.DatabaseIntrospector - Found column "codetext", data type 12, in table "codeapp..code"
DEBUG main org.mybatis.generator.internal.db.DatabaseIntrospector - Found column "codeversion", data type 12, in table "codeapp..code"
DEBUG main org.mybatis.generator.internal.db.DatabaseIntrospector - Found column "codetypeid", data type 4, in table "codeapp..code"
DEBUG main org.mybatis.generator.internal.db.DatabaseIntrospector - Retrieving column information for table "admin"
DEBUG main org.mybatis.generator.internal.db.DatabaseIntrospector - Found column "id", data type 4, in table "codeapp..admin"
DEBUG main org.mybatis.generator.internal.db.DatabaseIntrospector - Found column "name", data type 12, in table "codeapp..admin"
DEBUG main org.mybatis.generator.internal.db.DatabaseIntrospector - Found column "password", data type 12, in table "codeapp..admin"
DEBUG main org.mybatis.generator.internal.db.DatabaseIntrospector - Retrieving column information for table "user"
DEBUG main org.mybatis.generator.internal.db.DatabaseIntrospector - Found column "id", data type 4, in table "codeapp..user"
DEBUG main org.mybatis.generator.internal.db.DatabaseIntrospector - Found column "name", data type 12, in table "codeapp..user"
DEBUG main org.mybatis.generator.internal.db.DatabaseIntrospector - Found column "password", data type 12, in table "codeapp..user"
DEBUG main org.mybatis.generator.internal.db.DatabaseIntrospector - Retrieving column information for table "duser"
DEBUG main org.mybatis.generator.internal.db.DatabaseIntrospector - Found column "id", data type 4, in table "codeapp..duser"
DEBUG main org.mybatis.generator.internal.db.DatabaseIntrospector - Found column "name", data type 12, in table "codeapp..duser"
DEBUG main org.mybatis.generator.internal.db.DatabaseIntrospector - Found column "password", data type 12, in table "codeapp..duser"
DEBUG main org.mybatis.generator.internal.db.DatabaseIntrospector - Retrieving column information for table "codetype"
DEBUG main org.mybatis.generator.internal.db.DatabaseIntrospector - Found column "id", data type 4, in table "codeapp..codetype"
DEBUG main org.mybatis.generator.internal.db.DatabaseIntrospector - Found column "name", data type 12, in table "codeapp..codetype"
DEBUG main org.mybatis.generator.internal.db.DatabaseIntrospector - Retrieving column information for table "code"
DEBUG main org.mybatis.generator.internal.db.DatabaseIntrospector - Found column "id", data type 4, in table "codeapp..code"
DEBUG main org.mybatis.generator.internal.db.DatabaseIntrospector - Found column "codeduserid", data type 4, in table "codeapp..code"
DEBUG main org.mybatis.generator.internal.db.DatabaseIntrospector - Found column "codename", data type 12, in table "codeapp..code"
DEBUG main org.mybatis.generator.internal.db.DatabaseIntrospector - Found column "codetext", data type 12, in table "codeapp..code"
DEBUG main org.mybatis.generator.internal.db.DatabaseIntrospector - Found column "codeversion", data type 12, in table "codeapp..code"
DEBUG main org.mybatis.generator.internal.db.DatabaseIntrospector - Found column "codetypeid", data type 4, in table "codeapp..code"
DEBUG main org.mybatis.generator.internal.db.DatabaseIntrospector - Retrieving column information for table "admin"
DEBUG main org.mybatis.generator.internal.db.DatabaseIntrospector - Found column "id", data type 4, in table "codeapp..admin"
DEBUG main org.mybatis.generator.internal.db.DatabaseIntrospector - Found column "name", data type 12, in table "codeapp..admin"
DEBUG main org.mybatis.generator.internal.db.DatabaseIntrospector - Found column "password", data type 12, in table "codeapp..admin"
DEBUG main org.mybatis.generator.internal.db.DatabaseIntrospector - Retrieving column information for table "user"
DEBUG main org.mybatis.generator.internal.db.DatabaseIntrospector - Found column "id", data type 4, in table "codeapp..user"
DEBUG main org.mybatis.generator.internal.db.DatabaseIntrospector - Found column "name", data type 12, in table "codeapp..user"
DEBUG main org.mybatis.generator.internal.db.DatabaseIntrospector - Found column "password", data type 12, in table "codeapp..user"
DEBUG main org.mybatis.generator.internal.db.DatabaseIntrospector - Retrieving column information for table "duser"
DEBUG main org.mybatis.generator.internal.db.DatabaseIntrospector - Found column "id", data type 4, in table "codeapp..duser"
DEBUG main org.mybatis.generator.internal.db.DatabaseIntrospector - Found column "name", data type 12, in table "codeapp..duser"
DEBUG main org.mybatis.generator.internal.db.DatabaseIntrospector - Found column "password", data type 12, in table "codeapp..duser"
DEBUG main org.mybatis.generator.internal.db.DatabaseIntrospector - Retrieving column information for table "codetype"
DEBUG main org.mybatis.generator.internal.db.DatabaseIntrospector - Found column "id", data type 4, in table "codeapp..codetype"
DEBUG main org.mybatis.generator.internal.db.DatabaseIntrospector - Found column "name", data type 12, in table "codeapp..codetype"
DEBUG main org.mybatis.generator.internal.db.DatabaseIntrospector - Retrieving column information for table "code"
DEBUG main org.mybatis.generator.internal.db.DatabaseIntrospector - Found column "id", data type 4, in table "codeapp..code"
DEBUG main org.mybatis.generator.internal.db.DatabaseIntrospector - Found column "codeduserid", data type 4, in table "codeapp..code"
DEBUG main org.mybatis.generator.internal.db.DatabaseIntrospector - Found column "codename", data type 12, in table "codeapp..code"
DEBUG main org.mybatis.generator.internal.db.DatabaseIntrospector - Found column "codetext", data type 12, in table "codeapp..code"
DEBUG main org.mybatis.generator.internal.db.DatabaseIntrospector - Found column "codeversion", data type 12, in table "codeapp..code"
DEBUG main org.mybatis.generator.internal.db.DatabaseIntrospector - Found column "codetypeid", data type 4, in table "codeapp..code"
DEBUG main org.mybatis.generator.internal.db.DatabaseIntrospector - Retrieving column information for table "admin"
DEBUG main org.mybatis.generator.internal.db.DatabaseIntrospector - Found column "id", data type 4, in table "codeapp..admin"
DEBUG main org.mybatis.generator.internal.db.DatabaseIntrospector - Found column "name", data type 12, in table "codeapp..admin"
DEBUG main org.mybatis.generator.internal.db.DatabaseIntrospector - Found column "password", data type 12, in table "codeapp..admin"
DEBUG main org.mybatis.generator.internal.db.DatabaseIntrospector - Retrieving column information for table "user"
DEBUG main org.mybatis.generator.internal.db.DatabaseIntrospector - Found column "id", data type 4, in table "codeapp..user"
DEBUG main org.mybatis.generator.internal.db.DatabaseIntrospector - Found column "name", data type 12, in table "codeapp..user"
DEBUG main org.mybatis.generator.internal.db.DatabaseIntrospector - Found column "password", data type 12, in table "codeapp..user"
DEBUG main org.mybatis.generator.internal.db.DatabaseIntrospector - Retrieving column information for table "duser"
DEBUG main org.mybatis.generator.internal.db.DatabaseIntrospector - Found column "id", data type 4, in table "codeapp..duser"
DEBUG main org.mybatis.generator.internal.db.DatabaseIntrospector - Found column "name", data type 12, in table "codeapp..duser"
DEBUG main org.mybatis.generator.internal.db.DatabaseIntrospector - Found column "password", data type 12, in table "codeapp..duser"
DEBUG main org.mybatis.generator.internal.db.DatabaseIntrospector - Retrieving column information for table "codetype"
DEBUG main org.mybatis.generator.internal.db.DatabaseIntrospector - Found column "id", data type 4, in table "codeapp..codetype"
DEBUG main org.mybatis.generator.internal.db.DatabaseIntrospector - Found column "name", data type 12, in table "codeapp..codetype"
DEBUG main org.mybatis.generator.internal.db.DatabaseIntrospector - Retrieving column information for table "code"
DEBUG main org.mybatis.generator.internal.db.DatabaseIntrospector - Found column "id", data type 4, in table "codeapp..code"
DEBUG main org.mybatis.generator.internal.db.DatabaseIntrospector - Found column "codeduserid", data type 4, in table "codeapp..code"
DEBUG main org.mybatis.generator.internal.db.DatabaseIntrospector - Found column "codename", data type 12, in table "codeapp..code"
DEBUG main org.mybatis.generator.internal.db.DatabaseIntrospector - Found column "codetext", data type 12, in table "codeapp..code"
DEBUG main org.mybatis.generator.internal.db.DatabaseIntrospector - Found column "codeversion", data type 12, in table "codeapp..code"
DEBUG main org.mybatis.generator.internal.db.DatabaseIntrospector - Found column "codetypeid", data type 4, in table "codeapp..code"
